C51 COMPILER V9.01   BUZZER                                                                03/16/2018 11:45:16 PAGE 1   


C51 COMPILER V9.01, COMPILATION OF MODULE BUZZER
OBJECT MODULE PLACED IN buzzer.OBJ
COMPILER INVOKED BY: D:\keil\C51\BIN\C51.EXE buzzer.c BROWSE DEBUG OBJECTEXTEND

line level    source

   1          
   2          #include "head.h"
   3          
   4          /*选择不同的蜂鸣器，默认是有源蜂鸣器，低电平有效*/
   5          //#define DIANYA_BZ 1
   6          
   7          void init_buzzer()
   8          {
   9   1      #ifdef DIANYA_BZ    //电压蜂鸣器，DC3-24V
                      BZ = 0;          
              #else
  12   1          BZ = 1;                //有源蜂鸣器，低电平有效
  13   1      #endif
  14   1      
  15   1      }
  16          void buzzer()
  17          {
  18   1      #ifdef DIANYA_BZ
                      BZ = 1;
                      delay_100us(900);
                      BZ = 0;
              #else
  23   1              BZ = 0;
  24   1              delay_100us(900);
  25   1              BZ = 1;
  26   1      #endif
  27   1      }


MODULE INFORMATION:   STATIC OVERLAYABLE
   CODE SIZE        =     15    ----
   CONSTANT SIZE    =   ----    ----
   XDATA SIZE       =   ----    ----
   PDATA SIZE       =   ----    ----
   DATA SIZE        =   ----    ----
   IDATA SIZE       =   ----    ----
   BIT SIZE         =   ----    ----
END OF MODULE INFORMATION.


C51 COMPILATION COMPLETE.  0 WARNING(S),  0 ERROR(S)
