C51 COMPILER V9.01   DELAY                                                                 03/16/2018 11:45:15 PAGE 1   


C51 COMPILER V9.01, COMPILATION OF MODULE DELAY
OBJECT MODULE PLACED IN delay.OBJ
COMPILER INVOKED BY: D:\keil\C51\BIN\C51.EXE delay.c BROWSE DEBUG OBJECTEXTEND

line level    source

   1          /*ÑÓÊ±1ms*/
   2          /*void delay_1us(unsigned int time)
   3          {
   4                  while(--time);
   5          }*/
   6          
   7          /*ÑÓÊ±100us*/
   8          void delay_100us(unsigned int time)
   9          {
  10   1              unsigned int x,y;
  11   1              for(x=time; x>0; x--)
  12   1                      for(y=110; y>0; y--);
  13   1      }


MODULE INFORMATION:   STATIC OVERLAYABLE
   CODE SIZE        =     30    ----
   CONSTANT SIZE    =   ----    ----
   XDATA SIZE       =   ----    ----
   PDATA SIZE       =   ----    ----
   DATA SIZE        =   ----    ----
   IDATA SIZE       =   ----    ----
   BIT SIZE         =   ----    ----
END OF MODULE INFORMATION.


C51 COMPILATION COMPLETE.  0 WARNING(S),  0 ERROR(S)
