C51 COMPILER V9.01   MOTO                                                                  03/16/2018 11:45:15 PAGE 1   


C51 COMPILER V9.01, COMPILATION OF MODULE MOTO
OBJECT MODULE PLACED IN moto.OBJ
COMPILER INVOKED BY: D:\keil\C51\BIN\C51.EXE moto.c BROWSE DEBUG OBJECTEXTEND

line level    source

   1          
   2          #include "head.h"
   3          
   4          /*初始化电机状态*/
   5          void init_moto()
   6          {
   7   1          GND_L298 = 0;
   8   1              ENA = 0;
   9   1      }
  10          void moto()
  11          {
  12   1           unsigned int i;
  13   1               /*正转*/
  14   1               IN1 = 1;
  15   1               IN2 = 0;
  16   1               for(i=15; i>0; i--)
  17   1               {
  18   2                      delay_100us(50);
  19   2                      ENA = ~ENA;
  20   2               }
  21   1               /*反转*/
  22   1               IN1 = 0;
  23   1               IN2 = 1;
  24   1               for(i=15; i>0; i--)
  25   1               {
  26   2                      delay_100us(50);
  27   2                      ENA = ~ENA;
  28   2               }
  29   1               //停止转动
  30   1               ENA = 0;
  31   1               IN1 = 0;
  32   1           IN2 = 0;
  33   1      }


MODULE INFORMATION:   STATIC OVERLAYABLE
   CODE SIZE        =     88    ----
   CONSTANT SIZE    =   ----    ----
   XDATA SIZE       =   ----    ----
   PDATA SIZE       =   ----    ----
   DATA SIZE        =   ----       2
   IDATA SIZE       =   ----    ----
   BIT SIZE         =   ----    ----
END OF MODULE INFORMATION.


C51 COMPILATION COMPLETE.  0 WARNING(S),  0 ERROR(S)
