C51 COMPILER V9.01   SERIAL                                                                03/16/2018 11:45:15 PAGE 1   


C51 COMPILER V9.01, COMPILATION OF MODULE SERIAL
OBJECT MODULE PLACED IN serial.OBJ
COMPILER INVOKED BY: D:\keil\C51\BIN\C51.EXE serial.c BROWSE DEBUG OBJECTEXTEND

line level    source

   1          #include "serial.h"
   2          #include <REGX52.H>
   3          
   4          /*单片机串口*/
   5          void Init_serial()
   6          {
   7   1              SCON=0X50;                      //设置为工作方式1
   8   1              TMOD=0X20;                      //设置计数器工作方式2
   9   1      
  10   1              TH1=0XFD;                       //计数器初始值设置，注意波特率是4800的
  11   1              TL1=0XFD;
  12   1              ES=1;                           //打开接收中断
  13   1              EA=1;                           //打开总中断
  14   1              TR1=1;                          //打开计数器
  15   1      }


MODULE INFORMATION:   STATIC OVERLAYABLE
   CODE SIZE        =     19    ----
   CONSTANT SIZE    =   ----    ----
   XDATA SIZE       =   ----    ----
   PDATA SIZE       =   ----    ----
   DATA SIZE        =   ----    ----
   IDATA SIZE       =   ----    ----
   BIT SIZE         =   ----    ----
END OF MODULE INFORMATION.


C51 COMPILATION COMPLETE.  0 WARNING(S),  0 ERROR(S)
